10:34:03.353 [GENIE] io.github.bonigarcia.wdm.BrowserManager.getDriversFromXml(BrowserManager.java:563)evel: Reading https://selenium-release.storage.googleapis.com/ to seek [IEDriverServer]sg
10:34:04.124 [GENIE] io.github.bonigarcia.wdm.BrowserManager.getLatest(BrowserManager.java:498)evel: Latest version of [IEDriverServer] is 3.141sg
10:34:04.150 [GENIE] io.github.bonigarcia.wdm.BrowserManager.exportDriver(BrowserManager.java:626)evel: Exporting webdriver.ie.driver as C:\Users\Mehraj Pasha\.m2\repository\webdriver\IEDriverServer\x64\3.141\IEDriverServer.exesg
10:34:04.152 [GENIE] io.github.bonigarcia.wdm.BrowserManager.exportDriver(BrowserManager.java:626)evel: Exporting webdriver.ie.driver as C:\Users\Mehraj Pasha\.m2\repository\webdriver\IEDriverServer\x64\3.141\IEDriverServer.exesg
10:34:33.740 [GENIE] io.github.bonigarcia.wdm.BrowserManager.getDriversFromXml(BrowserManager.java:563)evel: Reading https://selenium-release.storage.googleapis.com/ to seek [IEDriverServer]sg
10:34:34.302 [GENIE] io.github.bonigarcia.wdm.BrowserManager.getLatest(BrowserManager.java:498)evel: Latest version of [IEDriverServer] is 3.141sg
10:34:34.303 [GENIE] io.github.bonigarcia.wdm.BrowserManager.exportDriver(BrowserManager.java:626)evel: Exporting webdriver.ie.driver as C:\Users\Mehraj Pasha\.m2\repository\webdriver\IEDriverServer\x64\3.141\IEDriverServer.exesg
10:34:34.305 [GENIE] io.github.bonigarcia.wdm.BrowserManager.exportDriver(BrowserManager.java:626)evel: Exporting webdriver.ie.driver as C:\Users\Mehraj Pasha\.m2\repository\webdriver\IEDriverServer\x64\3.141\IEDriverServer.exesg
10:36:36.730 [GENIE] io.github.bonigarcia.wdm.BrowserManager.getDriversFromXml(BrowserManager.java:563)evel: Reading https://chromedriver.storage.googleapis.com/ to seek [chromedriver]sg
10:36:37.466 [GENIE] io.github.bonigarcia.wdm.BrowserManager.getLatest(BrowserManager.java:498)evel: Latest version of [chromedriver] is 72.0.3626.7sg
10:36:37.491 [GENIE] io.github.bonigarcia.wdm.BrowserManager.exportDriver(BrowserManager.java:626)evel: Exporting webdriver.chrome.driver as C:\Users\Mehraj Pasha\.m2\repository\webdriver\chromedriver\win32\72.0.3626.7\chromedriver.exesg
10:36:51.473 [GENIE] io.github.bonigarcia.wdm.BrowserManager.getDriversFromXml(BrowserManager.java:563)evel: Reading https://chromedriver.storage.googleapis.com/ to seek [chromedriver]sg
10:36:52.018 [GENIE] io.github.bonigarcia.wdm.BrowserManager.getLatest(BrowserManager.java:498)evel: Latest version of [chromedriver] is 72.0.3626.7sg
10:36:52.023 [GENIE] io.github.bonigarcia.wdm.BrowserManager.exportDriver(BrowserManager.java:626)evel: Exporting webdriver.chrome.driver as C:\Users\Mehraj Pasha\.m2\repository\webdriver\chromedriver\win32\72.0.3626.7\chromedriver.exesg
10:38:17.139 [GENIE] io.github.bonigarcia.wdm.BrowserManager.getDriversFromXml(BrowserManager.java:563)evel: Reading https://chromedriver.storage.googleapis.com/ to seek [chromedriver]sg
10:38:17.818 [GENIE] io.github.bonigarcia.wdm.BrowserManager.getLatest(BrowserManager.java:498)evel: Latest version of [chromedriver] is 72.0.3626.7sg
10:38:17.838 [GENIE] io.github.bonigarcia.wdm.BrowserManager.exportDriver(BrowserManager.java:626)evel: Exporting webdriver.chrome.driver as C:\Users\Mehraj Pasha\.m2\repository\webdriver\chromedriver\win32\72.0.3626.7\chromedriver.exesg
10:38:30.936 [GENIE] io.github.bonigarcia.wdm.BrowserManager.getDriversFromXml(BrowserManager.java:563)evel: Reading https://chromedriver.storage.googleapis.com/ to seek [chromedriver]sg
10:38:31.466 [GENIE] io.github.bonigarcia.wdm.BrowserManager.getLatest(BrowserManager.java:498)evel: Latest version of [chromedriver] is 72.0.3626.7sg
10:38:31.469 [GENIE] io.github.bonigarcia.wdm.BrowserManager.exportDriver(BrowserManager.java:626)evel: Exporting webdriver.chrome.driver as C:\Users\Mehraj Pasha\.m2\repository\webdriver\chromedriver\win32\72.0.3626.7\chromedriver.exesg
10:39:20.121 [GENIE] io.github.bonigarcia.wdm.FirefoxDriverManager.getDrivers(FirefoxDriverManager.java:59)evel: Reading https://api.github.com/repos/mozilla/geckodriver/releases to seek [wires, geckodriver]sg
10:39:21.525 [GENIE] io.github.bonigarcia.wdm.BrowserManager.getLatest(BrowserManager.java:498)evel: Latest version of [wires, geckodriver] is 0.23.0sg
10:39:21.598 [GENIE] io.github.bonigarcia.wdm.BrowserManager.exportDriver(BrowserManager.java:626)evel: Exporting webdriver.gecko.driver as C:\Users\Mehraj Pasha\.m2\repository\webdriver\geckodriver\win64\0.23.0\geckodriver.exesg
10:39:40.232 [GENIE] io.github.bonigarcia.wdm.FirefoxDriverManager.getDrivers(FirefoxDriverManager.java:59)evel: Reading https://api.github.com/repos/mozilla/geckodriver/releases to seek [wires, geckodriver]sg
10:39:40.782 [GENIE] io.github.bonigarcia.wdm.BrowserManager.getLatest(BrowserManager.java:498)evel: Latest version of [wires, geckodriver] is 0.23.0sg
10:39:40.783 [GENIE] io.github.bonigarcia.wdm.BrowserManager.exportDriver(BrowserManager.java:626)evel: Exporting webdriver.gecko.driver as C:\Users\Mehraj Pasha\.m2\repository\webdriver\geckodriver\win64\0.23.0\geckodriver.exesg
10:42:06.579 [GENIE] io.github.bonigarcia.wdm.FirefoxDriverManager.getDrivers(FirefoxDriverManager.java:59)evel: Reading https://api.github.com/repos/mozilla/geckodriver/releases to seek [wires, geckodriver]sg
10:42:07.536 [GENIE] io.github.bonigarcia.wdm.BrowserManager.getLatest(BrowserManager.java:498)evel: Latest version of [wires, geckodriver] is 0.23.0sg
10:42:07.577 [GENIE] io.github.bonigarcia.wdm.BrowserManager.exportDriver(BrowserManager.java:626)evel: Exporting webdriver.gecko.driver as C:\Users\Mehraj Pasha\.m2\repository\webdriver\geckodriver\win64\0.23.0\geckodriver.exesg
10:42:25.279 [GENIE] io.github.bonigarcia.wdm.FirefoxDriverManager.getDrivers(FirefoxDriverManager.java:59)evel: Reading https://api.github.com/repos/mozilla/geckodriver/releases to seek [wires, geckodriver]sg
10:42:25.955 [GENIE] io.github.bonigarcia.wdm.BrowserManager.getLatest(BrowserManager.java:498)evel: Latest version of [wires, geckodriver] is 0.23.0sg
10:42:25.965 [GENIE] io.github.bonigarcia.wdm.BrowserManager.exportDriver(BrowserManager.java:626)evel: Exporting webdriver.gecko.driver as C:\Users\Mehraj Pasha\.m2\repository\webdriver\geckodriver\win64\0.23.0\geckodriver.exesg
10:45:39.445 [GENIE] io.github.bonigarcia.wdm.FirefoxDriverManager.getDrivers(FirefoxDriverManager.java:59)evel: Reading https://api.github.com/repos/mozilla/geckodriver/releases to seek [wires, geckodriver]sg
10:45:40.144 [GENIE] io.github.bonigarcia.wdm.BrowserManager.getLatest(BrowserManager.java:498)evel: Latest version of [wires, geckodriver] is 0.23.0sg
10:45:40.170 [GENIE] io.github.bonigarcia.wdm.BrowserManager.exportDriver(BrowserManager.java:626)evel: Exporting webdriver.gecko.driver as C:\Users\Mehraj Pasha\.m2\repository\webdriver\geckodriver\win64\0.23.0\geckodriver.exesg
10:46:02.204 [GENIE] io.github.bonigarcia.wdm.FirefoxDriverManager.getDrivers(FirefoxDriverManager.java:59)evel: Reading https://api.github.com/repos/mozilla/geckodriver/releases to seek [wires, geckodriver]sg
10:46:02.791 [GENIE] io.github.bonigarcia.wdm.BrowserManager.getLatest(BrowserManager.java:498)evel: Latest version of [wires, geckodriver] is 0.23.0sg
10:46:02.793 [GENIE] io.github.bonigarcia.wdm.BrowserManager.exportDriver(BrowserManager.java:626)evel: Exporting webdriver.gecko.driver as C:\Users\Mehraj Pasha\.m2\repository\webdriver\geckodriver\win64\0.23.0\geckodriver.exesg
10:49:32.552 [GENIE] io.github.bonigarcia.wdm.FirefoxDriverManager.getDrivers(FirefoxDriverManager.java:59)evel: Reading https://api.github.com/repos/mozilla/geckodriver/releases to seek [wires, geckodriver]sg
10:49:33.720 [GENIE] io.github.bonigarcia.wdm.BrowserManager.getLatest(BrowserManager.java:498)evel: Latest version of [wires, geckodriver] is 0.23.0sg
10:49:33.759 [GENIE] io.github.bonigarcia.wdm.BrowserManager.exportDriver(BrowserManager.java:626)evel: Exporting webdriver.gecko.driver as C:\Users\Mehraj Pasha\.m2\repository\webdriver\geckodriver\win64\0.23.0\geckodriver.exesg
10:49:52.514 [GENIE] io.github.bonigarcia.wdm.FirefoxDriverManager.getDrivers(FirefoxDriverManager.java:59)evel: Reading https://api.github.com/repos/mozilla/geckodriver/releases to seek [wires, geckodriver]sg
10:49:53.504 [GENIE] io.github.bonigarcia.wdm.BrowserManager.getLatest(BrowserManager.java:498)evel: Latest version of [wires, geckodriver] is 0.23.0sg
10:49:53.512 [GENIE] io.github.bonigarcia.wdm.BrowserManager.exportDriver(BrowserManager.java:626)evel: Exporting webdriver.gecko.driver as C:\Users\Mehraj Pasha\.m2\repository\webdriver\geckodriver\win64\0.23.0\geckodriver.exesg
10:50:55.056 [GENIE] io.github.bonigarcia.wdm.FirefoxDriverManager.getDrivers(FirefoxDriverManager.java:59)evel: Reading https://api.github.com/repos/mozilla/geckodriver/releases to seek [wires, geckodriver]sg
10:50:56.131 [GENIE] io.github.bonigarcia.wdm.BrowserManager.getLatest(BrowserManager.java:498)evel: Latest version of [wires, geckodriver] is 0.23.0sg
10:50:56.159 [GENIE] io.github.bonigarcia.wdm.BrowserManager.exportDriver(BrowserManager.java:626)evel: Exporting webdriver.gecko.driver as C:\Users\Mehraj Pasha\.m2\repository\webdriver\geckodriver\win64\0.23.0\geckodriver.exesg
10:51:14.111 [GENIE] io.github.bonigarcia.wdm.FirefoxDriverManager.getDrivers(FirefoxDriverManager.java:59)evel: Reading https://api.github.com/repos/mozilla/geckodriver/releases to seek [wires, geckodriver]sg
10:51:14.792 [GENIE] io.github.bonigarcia.wdm.BrowserManager.getLatest(BrowserManager.java:498)evel: Latest version of [wires, geckodriver] is 0.23.0sg
10:51:14.797 [GENIE] io.github.bonigarcia.wdm.BrowserManager.exportDriver(BrowserManager.java:626)evel: Exporting webdriver.gecko.driver as C:\Users\Mehraj Pasha\.m2\repository\webdriver\geckodriver\win64\0.23.0\geckodriver.exesg
11:33:23.032 [GENIE] io.github.bonigarcia.wdm.BrowserManager.getDriversFromXml(BrowserManager.java:563)evel: Reading https://chromedriver.storage.googleapis.com/ to seek [chromedriver]sg
11:33:23.451 [GENIE] io.github.bonigarcia.wdm.BrowserManager.getDriversFromXml(BrowserManager.java:563)evel: Reading https://chromedriver.storage.googleapis.com/ to seek [chromedriver]sg
11:33:23.796 [GENIE] io.github.bonigarcia.wdm.BrowserManager.getLatest(BrowserManager.java:498)evel: Latest version of [chromedriver] is 72.0.3626.7sg
11:33:23.823 [GENIE] io.github.bonigarcia.wdm.BrowserManager.exportDriver(BrowserManager.java:626)evel: Exporting webdriver.chrome.driver as C:\Users\Mehraj Pasha\.m2\repository\webdriver\chromedriver\win32\72.0.3626.7\chromedriver.exesg
11:33:24.342 [GENIE] io.github.bonigarcia.wdm.BrowserManager.getLatest(BrowserManager.java:498)evel: Latest version of [chromedriver] is 72.0.3626.7sg
11:33:24.367 [GENIE] io.github.bonigarcia.wdm.BrowserManager.exportDriver(BrowserManager.java:626)evel: Exporting webdriver.chrome.driver as C:\Users\Mehraj Pasha\.m2\repository\webdriver\chromedriver\win32\72.0.3626.7\chromedriver.exesg
11:33:50.706 [GENIE] io.github.bonigarcia.wdm.BrowserManager.getDriversFromXml(BrowserManager.java:563)evel: Reading https://chromedriver.storage.googleapis.com/ to seek [chromedriver]sg
11:33:50.970 [GENIE] io.github.bonigarcia.wdm.BrowserManager.getDriversFromXml(BrowserManager.java:563)evel: Reading https://chromedriver.storage.googleapis.com/ to seek [chromedriver]sg
11:33:51.184 [GENIE] io.github.bonigarcia.wdm.BrowserManager.getLatest(BrowserManager.java:498)evel: Latest version of [chromedriver] is 72.0.3626.7sg
11:33:51.185 [GENIE] io.github.bonigarcia.wdm.BrowserManager.exportDriver(BrowserManager.java:626)evel: Exporting webdriver.chrome.driver as C:\Users\Mehraj Pasha\.m2\repository\webdriver\chromedriver\win32\72.0.3626.7\chromedriver.exesg
11:33:51.515 [GENIE] io.github.bonigarcia.wdm.BrowserManager.getLatest(BrowserManager.java:498)evel: Latest version of [chromedriver] is 72.0.3626.7sg
11:33:51.518 [GENIE] io.github.bonigarcia.wdm.BrowserManager.exportDriver(BrowserManager.java:626)evel: Exporting webdriver.chrome.driver as C:\Users\Mehraj Pasha\.m2\repository\webdriver\chromedriver\win32\72.0.3626.7\chromedriver.exesg
11:35:10.290 [GENIE] io.github.bonigarcia.wdm.BrowserManager.getDriversFromXml(BrowserManager.java:563)evel: Reading https://chromedriver.storage.googleapis.com/ to seek [chromedriver]sg
11:35:11.105 [GENIE] io.github.bonigarcia.wdm.BrowserManager.getLatest(BrowserManager.java:498)evel: Latest version of [chromedriver] is 72.0.3626.7sg
11:35:11.124 [GENIE] io.github.bonigarcia.wdm.BrowserManager.exportDriver(BrowserManager.java:626)evel: Exporting webdriver.chrome.driver as C:\Users\Mehraj Pasha\.m2\repository\webdriver\chromedriver\win32\72.0.3626.7\chromedriver.exesg
11:35:24.420 [GENIE] io.github.bonigarcia.wdm.BrowserManager.getDriversFromXml(BrowserManager.java:563)evel: Reading https://chromedriver.storage.googleapis.com/ to seek [chromedriver]sg
11:35:24.975 [GENIE] io.github.bonigarcia.wdm.BrowserManager.getLatest(BrowserManager.java:498)evel: Latest version of [chromedriver] is 72.0.3626.7sg
11:35:24.986 [GENIE] io.github.bonigarcia.wdm.BrowserManager.exportDriver(BrowserManager.java:626)evel: Exporting webdriver.chrome.driver as C:\Users\Mehraj Pasha\.m2\repository\webdriver\chromedriver\win32\72.0.3626.7\chromedriver.exesg
11:39:05.694 [GENIE] io.github.bonigarcia.wdm.BrowserManager.getDriversFromXml(BrowserManager.java:563)evel: Reading https://selenium-release.storage.googleapis.com/ to seek [IEDriverServer]sg
11:39:06.401 [GENIE] io.github.bonigarcia.wdm.BrowserManager.getLatest(BrowserManager.java:498)evel: Latest version of [IEDriverServer] is 3.141sg
11:39:06.438 [GENIE] io.github.bonigarcia.wdm.BrowserManager.exportDriver(BrowserManager.java:626)evel: Exporting webdriver.ie.driver as C:\Users\Mehraj Pasha\.m2\repository\webdriver\IEDriverServer\x64\3.141\IEDriverServer.exesg
11:39:06.439 [GENIE] io.github.bonigarcia.wdm.BrowserManager.exportDriver(BrowserManager.java:626)evel: Exporting webdriver.ie.driver as C:\Users\Mehraj Pasha\.m2\repository\webdriver\IEDriverServer\x64\3.141\IEDriverServer.exesg
11:39:41.812 [GENIE] io.github.bonigarcia.wdm.BrowserManager.getDriversFromXml(BrowserManager.java:563)evel: Reading https://selenium-release.storage.googleapis.com/ to seek [IEDriverServer]sg
11:39:42.496 [GENIE] io.github.bonigarcia.wdm.BrowserManager.getLatest(BrowserManager.java:498)evel: Latest version of [IEDriverServer] is 3.141sg
11:39:42.499 [GENIE] io.github.bonigarcia.wdm.BrowserManager.exportDriver(BrowserManager.java:626)evel: Exporting webdriver.ie.driver as C:\Users\Mehraj Pasha\.m2\repository\webdriver\IEDriverServer\x64\3.141\IEDriverServer.exesg
11:39:42.502 [GENIE] io.github.bonigarcia.wdm.BrowserManager.exportDriver(BrowserManager.java:626)evel: Exporting webdriver.ie.driver as C:\Users\Mehraj Pasha\.m2\repository\webdriver\IEDriverServer\x64\3.141\IEDriverServer.exesg
11:41:08.133 [GENIE] io.github.bonigarcia.wdm.BrowserManager.getDriversFromXml(BrowserManager.java:563)evel: Reading https://selenium-release.storage.googleapis.com/ to seek [IEDriverServer]sg
11:41:08.892 [GENIE] io.github.bonigarcia.wdm.BrowserManager.getLatest(BrowserManager.java:498)evel: Latest version of [IEDriverServer] is 3.141sg
11:41:08.917 [GENIE] io.github.bonigarcia.wdm.BrowserManager.exportDriver(BrowserManager.java:626)evel: Exporting webdriver.ie.driver as C:\Users\Mehraj Pasha\.m2\repository\webdriver\IEDriverServer\x64\3.141\IEDriverServer.exesg
11:41:08.920 [GENIE] io.github.bonigarcia.wdm.BrowserManager.exportDriver(BrowserManager.java:626)evel: Exporting webdriver.ie.driver as C:\Users\Mehraj Pasha\.m2\repository\webdriver\IEDriverServer\x64\3.141\IEDriverServer.exesg
11:44:19.178 [GENIE] io.github.bonigarcia.wdm.BrowserManager.getDriversFromXml(BrowserManager.java:563)evel: Reading https://selenium-release.storage.googleapis.com/ to seek [IEDriverServer]sg
11:44:19.752 [GENIE] io.github.bonigarcia.wdm.BrowserManager.getLatest(BrowserManager.java:498)evel: Latest version of [IEDriverServer] is 3.141sg
11:44:19.753 [GENIE] io.github.bonigarcia.wdm.BrowserManager.exportDriver(BrowserManager.java:626)evel: Exporting webdriver.ie.driver as C:\Users\Mehraj Pasha\.m2\repository\webdriver\IEDriverServer\x64\3.141\IEDriverServer.exesg
11:44:19.756 [GENIE] io.github.bonigarcia.wdm.BrowserManager.exportDriver(BrowserManager.java:626)evel: Exporting webdriver.ie.driver as C:\Users\Mehraj Pasha\.m2\repository\webdriver\IEDriverServer\x64\3.141\IEDriverServer.exesg
11:48:51.092 [GENIE] io.github.bonigarcia.wdm.BrowserManager.getDriversFromXml(BrowserManager.java:563)evel: Reading https://selenium-release.storage.googleapis.com/ to seek [IEDriverServer]sg
11:48:51.490 [GENIE] io.github.bonigarcia.wdm.BrowserManager.getDriversFromXml(BrowserManager.java:563)evel: Reading https://selenium-release.storage.googleapis.com/ to seek [IEDriverServer]sg
11:48:51.854 [GENIE] io.github.bonigarcia.wdm.BrowserManager.getLatest(BrowserManager.java:498)evel: Latest version of [IEDriverServer] is 3.141sg
11:48:51.878 [GENIE] io.github.bonigarcia.wdm.BrowserManager.exportDriver(BrowserManager.java:626)evel: Exporting webdriver.ie.driver as C:\Users\Mehraj Pasha\.m2\repository\webdriver\IEDriverServer\x64\3.141\IEDriverServer.exesg
11:48:51.880 [GENIE] io.github.bonigarcia.wdm.BrowserManager.exportDriver(BrowserManager.java:626)evel: Exporting webdriver.ie.driver as C:\Users\Mehraj Pasha\.m2\repository\webdriver\IEDriverServer\x64\3.141\IEDriverServer.exesg
11:48:52.301 [GENIE] io.github.bonigarcia.wdm.BrowserManager.getLatest(BrowserManager.java:498)evel: Latest version of [IEDriverServer] is 3.141sg
11:48:52.322 [GENIE] io.github.bonigarcia.wdm.BrowserManager.exportDriver(BrowserManager.java:626)evel: Exporting webdriver.ie.driver as C:\Users\Mehraj Pasha\.m2\repository\webdriver\IEDriverServer\x64\3.141\IEDriverServer.exesg
11:48:52.334 [GENIE] io.github.bonigarcia.wdm.BrowserManager.exportDriver(BrowserManager.java:626)evel: Exporting webdriver.ie.driver as C:\Users\Mehraj Pasha\.m2\repository\webdriver\IEDriverServer\x64\3.141\IEDriverServer.exesg
11:48:55.477 [GENIE] io.github.bonigarcia.wdm.BrowserManager.getDriversFromXml(BrowserManager.java:563)evel: Reading https://selenium-release.storage.googleapis.com/ to seek [IEDriverServer]sg
11:48:55.974 [GENIE] io.github.bonigarcia.wdm.BrowserManager.getLatest(BrowserManager.java:498)evel: Latest version of [IEDriverServer] is 3.141sg
11:48:55.986 [GENIE] io.github.bonigarcia.wdm.BrowserManager.exportDriver(BrowserManager.java:626)evel: Exporting webdriver.ie.driver as C:\Users\Mehraj Pasha\.m2\repository\webdriver\IEDriverServer\x64\3.141\IEDriverServer.exesg
11:48:55.988 [GENIE] io.github.bonigarcia.wdm.BrowserManager.exportDriver(BrowserManager.java:626)evel: Exporting webdriver.ie.driver as C:\Users\Mehraj Pasha\.m2\repository\webdriver\IEDriverServer\x64\3.141\IEDriverServer.exesg
11:48:56.097 [GENIE] io.github.bonigarcia.wdm.BrowserManager.getDriversFromXml(BrowserManager.java:563)evel: Reading https://selenium-release.storage.googleapis.com/ to seek [IEDriverServer]sg
11:48:56.635 [GENIE] io.github.bonigarcia.wdm.BrowserManager.getLatest(BrowserManager.java:498)evel: Latest version of [IEDriverServer] is 3.141sg
11:48:56.637 [GENIE] io.github.bonigarcia.wdm.BrowserManager.exportDriver(BrowserManager.java:626)evel: Exporting webdriver.ie.driver as C:\Users\Mehraj Pasha\.m2\repository\webdriver\IEDriverServer\x64\3.141\IEDriverServer.exesg
11:48:56.641 [GENIE] io.github.bonigarcia.wdm.BrowserManager.exportDriver(BrowserManager.java:626)evel: Exporting webdriver.ie.driver as C:\Users\Mehraj Pasha\.m2\repository\webdriver\IEDriverServer\x64\3.141\IEDriverServer.exesg
11:51:28.073 [GENIE] io.github.bonigarcia.wdm.BrowserManager.getDriversFromXml(BrowserManager.java:563)evel: Reading https://selenium-release.storage.googleapis.com/ to seek [IEDriverServer]sg
11:51:28.465 [GENIE] io.github.bonigarcia.wdm.BrowserManager.getDriversFromXml(BrowserManager.java:563)evel: Reading https://selenium-release.storage.googleapis.com/ to seek [IEDriverServer]sg
11:51:28.827 [GENIE] io.github.bonigarcia.wdm.BrowserManager.getLatest(BrowserManager.java:498)evel: Latest version of [IEDriverServer] is 3.141sg
11:51:28.847 [GENIE] io.github.bonigarcia.wdm.BrowserManager.exportDriver(BrowserManager.java:626)evel: Exporting webdriver.ie.driver as C:\Users\Mehraj Pasha\.m2\repository\webdriver\IEDriverServer\x64\3.141\IEDriverServer.exesg
11:51:28.850 [GENIE] io.github.bonigarcia.wdm.BrowserManager.exportDriver(BrowserManager.java:626)evel: Exporting webdriver.ie.driver as C:\Users\Mehraj Pasha\.m2\repository\webdriver\IEDriverServer\x64\3.141\IEDriverServer.exesg
11:51:29.255 [GENIE] io.github.bonigarcia.wdm.BrowserManager.getLatest(BrowserManager.java:498)evel: Latest version of [IEDriverServer] is 3.141sg
11:51:29.279 [GENIE] io.github.bonigarcia.wdm.BrowserManager.exportDriver(BrowserManager.java:626)evel: Exporting webdriver.ie.driver as C:\Users\Mehraj Pasha\.m2\repository\webdriver\IEDriverServer\x64\3.141\IEDriverServer.exesg
11:51:29.281 [GENIE] io.github.bonigarcia.wdm.BrowserManager.exportDriver(BrowserManager.java:626)evel: Exporting webdriver.ie.driver as C:\Users\Mehraj Pasha\.m2\repository\webdriver\IEDriverServer\x64\3.141\IEDriverServer.exesg
11:51:31.777 [GENIE] io.github.bonigarcia.wdm.BrowserManager.getDriversFromXml(BrowserManager.java:563)evel: Reading https://selenium-release.storage.googleapis.com/ to seek [IEDriverServer]sg
11:51:32.299 [GENIE] io.github.bonigarcia.wdm.BrowserManager.getLatest(BrowserManager.java:498)evel: Latest version of [IEDriverServer] is 3.141sg
11:51:32.321 [GENIE] io.github.bonigarcia.wdm.BrowserManager.exportDriver(BrowserManager.java:626)evel: Exporting webdriver.ie.driver as C:\Users\Mehraj Pasha\.m2\repository\webdriver\IEDriverServer\x64\3.141\IEDriverServer.exesg
11:51:32.322 [GENIE] io.github.bonigarcia.wdm.BrowserManager.exportDriver(BrowserManager.java:626)evel: Exporting webdriver.ie.driver as C:\Users\Mehraj Pasha\.m2\repository\webdriver\IEDriverServer\x64\3.141\IEDriverServer.exesg
11:51:33.096 [GENIE] io.github.bonigarcia.wdm.BrowserManager.getDriversFromXml(BrowserManager.java:563)evel: Reading https://selenium-release.storage.googleapis.com/ to seek [IEDriverServer]sg
11:51:33.607 [GENIE] io.github.bonigarcia.wdm.BrowserManager.getLatest(BrowserManager.java:498)evel: Latest version of [IEDriverServer] is 3.141sg
11:51:33.608 [GENIE] io.github.bonigarcia.wdm.BrowserManager.exportDriver(BrowserManager.java:626)evel: Exporting webdriver.ie.driver as C:\Users\Mehraj Pasha\.m2\repository\webdriver\IEDriverServer\x64\3.141\IEDriverServer.exesg
11:51:33.639 [GENIE] io.github.bonigarcia.wdm.BrowserManager.exportDriver(BrowserManager.java:626)evel: Exporting webdriver.ie.driver as C:\Users\Mehraj Pasha\.m2\repository\webdriver\IEDriverServer\x64\3.141\IEDriverServer.exesg
11:56:34.932 [GENIE] io.github.bonigarcia.wdm.BrowserManager.getDriversFromXml(BrowserManager.java:563)evel: Reading https://selenium-release.storage.googleapis.com/ to seek [IEDriverServer]sg
11:56:35.394 [GENIE] io.github.bonigarcia.wdm.BrowserManager.getDriversFromXml(BrowserManager.java:563)evel: Reading https://selenium-release.storage.googleapis.com/ to seek [IEDriverServer]sg
11:56:35.695 [GENIE] io.github.bonigarcia.wdm.BrowserManager.getLatest(BrowserManager.java:498)evel: Latest version of [IEDriverServer] is 3.141sg
11:56:35.716 [GENIE] io.github.bonigarcia.wdm.BrowserManager.exportDriver(BrowserManager.java:626)evel: Exporting webdriver.ie.driver as C:\Users\Mehraj Pasha\.m2\repository\webdriver\IEDriverServer\x64\3.141\IEDriverServer.exesg
11:56:35.720 [GENIE] io.github.bonigarcia.wdm.BrowserManager.exportDriver(BrowserManager.java:626)evel: Exporting webdriver.ie.driver as C:\Users\Mehraj Pasha\.m2\repository\webdriver\IEDriverServer\x64\3.141\IEDriverServer.exesg
11:56:36.179 [GENIE] io.github.bonigarcia.wdm.BrowserManager.getLatest(BrowserManager.java:498)evel: Latest version of [IEDriverServer] is 3.141sg
11:56:36.198 [GENIE] io.github.bonigarcia.wdm.BrowserManager.exportDriver(BrowserManager.java:626)evel: Exporting webdriver.ie.driver as C:\Users\Mehraj Pasha\.m2\repository\webdriver\IEDriverServer\x64\3.141\IEDriverServer.exesg
11:56:36.201 [GENIE] io.github.bonigarcia.wdm.BrowserManager.exportDriver(BrowserManager.java:626)evel: Exporting webdriver.ie.driver as C:\Users\Mehraj Pasha\.m2\repository\webdriver\IEDriverServer\x64\3.141\IEDriverServer.exesg
11:57:15.280 [GENIE] io.github.bonigarcia.wdm.BrowserManager.getDriversFromXml(BrowserManager.java:563)evel: Reading https://selenium-release.storage.googleapis.com/ to seek [IEDriverServer]sg
11:57:15.890 [GENIE] io.github.bonigarcia.wdm.BrowserManager.getLatest(BrowserManager.java:498)evel: Latest version of [IEDriverServer] is 3.141sg
11:57:15.892 [GENIE] io.github.bonigarcia.wdm.BrowserManager.exportDriver(BrowserManager.java:626)evel: Exporting webdriver.ie.driver as C:\Users\Mehraj Pasha\.m2\repository\webdriver\IEDriverServer\x64\3.141\IEDriverServer.exesg
11:57:15.894 [GENIE] io.github.bonigarcia.wdm.BrowserManager.exportDriver(BrowserManager.java:626)evel: Exporting webdriver.ie.driver as C:\Users\Mehraj Pasha\.m2\repository\webdriver\IEDriverServer\x64\3.141\IEDriverServer.exesg
11:57:18.525 [GENIE] io.github.bonigarcia.wdm.BrowserManager.getDriversFromXml(BrowserManager.java:563)evel: Reading https://selenium-release.storage.googleapis.com/ to seek [IEDriverServer]sg
11:57:19.109 [GENIE] io.github.bonigarcia.wdm.BrowserManager.getLatest(BrowserManager.java:498)evel: Latest version of [IEDriverServer] is 3.141sg
11:57:19.110 [GENIE] io.github.bonigarcia.wdm.BrowserManager.exportDriver(BrowserManager.java:626)evel: Exporting webdriver.ie.driver as C:\Users\Mehraj Pasha\.m2\repository\webdriver\IEDriverServer\x64\3.141\IEDriverServer.exesg
11:57:19.112 [GENIE] io.github.bonigarcia.wdm.BrowserManager.exportDriver(BrowserManager.java:626)evel: Exporting webdriver.ie.driver as C:\Users\Mehraj Pasha\.m2\repository\webdriver\IEDriverServer\x64\3.141\IEDriverServer.exesg
